2024-03-13 21:13:24.683 [info] Extension host with pid 3315 started
2024-03-13 21:13:24.732 [error] Error: EEXIST: file already exists, open '/home/user108/.codeoss/data/User/workspaceStorage/-6da637a/vscode.lock'
2024-03-13 21:13:24.756 [info] Lock '/home/user108/.codeoss/data/User/workspaceStorage/-6da637a/vscode.lock': Could not acquire lock, checking if the file is stale.
2024-03-13 21:13:24.760 [info] Lock '/home/user108/.codeoss/data/User/workspaceStorage/-6da637a/vscode.lock': The pid 7605 appears to be gone.
2024-03-13 21:13:24.760 [info] Lock '/home/user108/.codeoss/data/User/workspaceStorage/-6da637a/vscode.lock': Deleting a stale lock.
2024-03-13 21:13:24.767 [info] Lock '/home/user108/.codeoss/data/User/workspaceStorage/-6da637a/vscode.lock': Lock acquired.
2024-03-13 21:13:24.813 [info] ExtensionService#_doActivateExtension vscode.git-base, startup: false, activationEvent: 'onLanguage:ignore'
2024-03-13 21:13:24.814 [info] ExtensionService#_doActivateExtension vscode.emmet, startup: false, activationEvent: 'onLanguage'
2024-03-13 21:13:24.893 [info] ExtensionService#_doActivateExtension vscode.git, startup: true, activationEvent: '*'
2024-03-13 21:13:24.893 [info] ExtensionService#_doActivateExtension vscode.github, startup: true, activationEvent: '*'
2024-03-13 21:13:25.075 [info] ExtensionService#_doActivateExtension vscode.npm, startup: true, activationEvent: 'workspaceContains:package.json'
2024-03-13 21:13:25.535 [info] ExtensionService#_doActivateExtension redhat.fabric8-analytics, startup: true, activationEvent: 'workspaceContains:**/package.json,**/pom.xml,**/requirements.txt,**/go.mod'
2024-03-13 21:13:26.564 [info] Eager extensions activated
2024-03-13 21:13:26.564 [info] ExtensionService#_doActivateExtension EditorConfig.EditorConfig, startup: false, activationEvent: 'onStartupFinished'
2024-03-13 21:13:26.565 [info] ExtensionService#_doActivateExtension google.cloud-shell, startup: false, activationEvent: 'onStartupFinished'
2024-03-13 21:13:26.566 [info] ExtensionService#_doActivateExtension googlecloudtools.cloudcode, startup: false, activationEvent: 'onStartupFinished'
2024-03-13 21:13:26.566 [info] ExtensionService#_doActivateExtension vscode.debug-auto-launch, startup: false, activationEvent: 'onStartupFinished'
2024-03-13 21:13:26.567 [info] ExtensionService#_doActivateExtension vscode.merge-conflict, startup: false, activationEvent: 'onStartupFinished'
2024-03-13 21:13:28.469 [info] ExtensionService#_doActivateExtension vscode.json-language-features, startup: false, activationEvent: 'onLanguage:jsonc'
2024-03-13 21:13:28.469 [info] ExtensionService#_doActivateExtension vscode.typescript-language-features, startup: false, activationEvent: 'onLanguage:jsonc'
2024-03-13 21:14:12.495 [info] Extension host terminating: received terminate message from renderer
2024-03-13 21:14:12.496 [info] Lock '/home/user108/.codeoss/data/User/workspaceStorage/-6da637a/vscode.lock': Marking the lockfile as scheduled to be released in 6000 ms.
2024-03-13 21:14:12.535 [info] Extension host with pid 3315 exiting with code 0
