2024-03-13 16:10:12.369 [info] Extension host with pid 3436 started
2024-03-13 16:10:12.568 [info] ExtensionService#_doActivateExtension vscode.git-base, startup: true, activationEvent: '*', root cause: vscode.git
2024-03-13 16:10:12.609 [info] ExtensionService#_doActivateExtension vscode.npm, startup: true, activationEvent: 'workspaceContains:package.json'
2024-03-13 16:10:12.711 [info] Lock '/home/user108/.codeoss/data/User/workspaceStorage/6a9f3994/vscode.lock': Lock acquired.
2024-03-13 16:10:12.815 [info] ExtensionService#_doActivateExtension vscode.git, startup: true, activationEvent: '*'
2024-03-13 16:10:12.815 [info] ExtensionService#_doActivateExtension vscode.github, startup: true, activationEvent: '*'
2024-03-13 16:10:13.250 [info] ExtensionService#_doActivateExtension redhat.fabric8-analytics, startup: true, activationEvent: 'workspaceContains:**/package.json,**/pom.xml,**/requirements.txt,**/go.mod'
2024-03-13 16:10:13.932 [info] Eager extensions activated
2024-03-13 16:10:13.932 [info] ExtensionService#_doActivateExtension EditorConfig.EditorConfig, startup: false, activationEvent: 'onStartupFinished'
2024-03-13 16:10:13.933 [info] ExtensionService#_doActivateExtension google.cloud-shell, startup: false, activationEvent: 'onStartupFinished'
2024-03-13 16:10:13.934 [info] ExtensionService#_doActivateExtension googlecloudtools.cloudcode, startup: false, activationEvent: 'onStartupFinished'
2024-03-13 16:10:13.935 [info] ExtensionService#_doActivateExtension vscode.debug-auto-launch, startup: false, activationEvent: 'onStartupFinished'
2024-03-13 16:10:13.935 [info] ExtensionService#_doActivateExtension vscode.merge-conflict, startup: false, activationEvent: 'onStartupFinished'
2024-03-13 16:10:15.862 [info] ExtensionService#_doActivateExtension vscode.json-language-features, startup: false, activationEvent: 'onLanguage:jsonc'
2024-03-13 16:10:15.863 [info] ExtensionService#_doActivateExtension vscode.typescript-language-features, startup: false, activationEvent: 'onLanguage:jsonc'
2024-03-13 16:10:15.863 [info] ExtensionService#_doActivateExtension vscode.emmet, startup: false, activationEvent: 'onLanguage'
2024-03-13 16:10:29.580 [info] ExtensionService#_doActivateExtension vscode.html-language-features, startup: false, activationEvent: 'onLanguage:handlebars'
2024-03-13 16:14:27.626 [info] Extension host terminating: received terminate message from renderer
2024-03-13 16:14:27.627 [info] Lock '/home/user108/.codeoss/data/User/workspaceStorage/6a9f3994/vscode.lock': Marking the lockfile as scheduled to be released in 6000 ms.
2024-03-13 16:14:27.682 [info] Extension host with pid 3436 exiting with code 0
