0 verbose cli /usr/local/nvm/versions/node/v20.11.1/bin/node /usr/local/nvm/versions/node/v20.11.1/bin/npm
1 info using npm@10.5.0
2 info using node@v20.11.1
3 timing npm:load:whichnode Completed in 1ms
4 timing config:load:defaults Completed in 2ms
5 timing config:load:file:/usr/local/nvm/versions/node/v20.11.1/lib/node_modules/npm/npmrc Completed in 14ms
6 timing config:load:builtin Completed in 15ms
7 timing config:load:cli Completed in 4ms
8 timing config:load:env Completed in 0ms
9 timing config:load:file:/home/user108/.cache/typescript/5.2/.npmrc Completed in 0ms
10 timing config:load:project Completed in 1ms
11 timing config:load:file:/home/user108/.npmrc Completed in 0ms
12 timing config:load:user Completed in 0ms
13 timing config:load:file:/usr/local/nvm/versions/node/v20.11.1/etc/npmrc Completed in 0ms
14 timing config:load:global Completed in 0ms
15 timing config:load:setEnvs Completed in 0ms
16 timing config:load Completed in 26ms
17 timing npm:load:configload Completed in 26ms
18 timing config:load:flatten Completed in 3ms
19 timing npm:load:mkdirpcache Completed in 1ms
20 timing npm:load:mkdirplogs Completed in 0ms
21 verbose title npm install @types/body-parser@ts5.2 @types/express@ts5.2 @types/chai@ts5.2 @types/mocha@ts5.2 @types/sinon@ts5.2 @types/supertest@ts5.2
22 verbose argv "install" "--ignore-scripts" "@types/body-parser@ts5.2" "@types/express@ts5.2" "@types/chai@ts5.2" "@types/mocha@ts5.2" "@types/sinon@ts5.2" "@types/supertest@ts5.2" "--save-dev" "--user-agent" "typesInstaller/5.2.2"
23 timing npm:load:setTitle Completed in 1ms
24 timing npm:load:display Completed in 1ms
25 verbose logfile logs-max:10 dir:/home/user108/.npm/_logs/2024-03-13T21_28_04_935Z-
26 verbose logfile /home/user108/.npm/_logs/2024-03-13T21_28_04_935Z-debug-0.log
27 timing npm:load:logFile Completed in 8ms
28 timing npm:load:timers Completed in 0ms
29 timing npm:load:configScope Completed in 0ms
30 timing npm:load Completed in 59ms
31 timing arborist:ctor Completed in 1ms
32 silly logfile start cleaning logs, removing 1 files
33 silly logfile done cleaning log files
34 timing idealTree:init Completed in 48ms
35 timing arborist:ctor Completed in 0ms
36 http fetch GET 200 https://registry.npmjs.org/@types%2fsinon 190ms (cache miss)
37 http fetch GET 200 https://registry.npmjs.org/@types%2fexpress 238ms (cache revalidated)
38 http fetch GET 200 https://registry.npmjs.org/@types%2fbody-parser 246ms (cache revalidated)
39 http fetch GET 200 https://registry.npmjs.org/@types%2fchai 253ms (cache revalidated)
40 http fetch GET 200 https://registry.npmjs.org/@types%2fmocha 549ms (cache revalidated)
41 http fetch GET 200 https://registry.npmjs.org/@types%2fsupertest 874ms (cache revalidated)
42 timing idealTree:userRequests Completed in 881ms
43 silly idealTree buildDeps
44 silly fetch manifest @types/body-parser@1.19.5
45 silly fetch manifest @types/chai@4.3.12
46 silly fetch manifest @types/express@4.17.21
47 silly fetch manifest @types/mocha@10.0.6
48 silly fetch manifest @types/supertest@6.0.2
49 silly fetch manifest @types/sinon@17.0.3
50 silly placeDep ROOT @types/body-parser@1.19.5 REPLACE for:  want: 1.19.5
51 silly placeDep ROOT @types/chai@4.3.12 REPLACE for:  want: 4.3.12
52 silly placeDep ROOT @types/express@4.17.21 REPLACE for:  want: 4.17.21
53 silly placeDep ROOT @types/mocha@10.0.6 REPLACE for:  want: 10.0.6
54 silly placeDep ROOT @types/sinon@17.0.3 OK for:  want: 17.0.3
55 silly placeDep ROOT @types/supertest@6.0.2 REPLACE for:  want: 6.0.2
56 silly fetch manifest @types/sinonjs__fake-timers@*
57 http fetch GET 200 https://registry.npmjs.org/@types%2fsinonjs__fake-timers 50ms (cache miss)
58 timing idealTree:#root Completed in 77ms
59 timing idealTree:node_modules/@types/body-parser Completed in 0ms
60 timing idealTree:node_modules/@types/chai Completed in 0ms
61 timing idealTree:node_modules/@types/express Completed in 0ms
62 timing idealTree:node_modules/@types/mocha Completed in 0ms
63 silly placeDep ROOT @types/sinonjs__fake-timers@8.1.5 OK for: @types/sinon@17.0.3 want: *
64 timing idealTree:node_modules/@types/sinon Completed in 1ms
65 timing idealTree:node_modules/@types/sinonjs__fake-timers Completed in 0ms
66 timing idealTree:node_modules/@types/supertest Completed in 1ms
67 timing idealTree:buildDeps Completed in 81ms
68 timing idealTree:fixDepFlags Completed in 0ms
69 timing idealTree Completed in 1012ms
70 timing reify:loadTrees Completed in 1014ms
71 timing reify:diffTrees Completed in 2ms
72 silly reify moves {}
73 timing reify:retireShallow Completed in 1ms
74 timing reify:createSparse Completed in 0ms
75 timing reify:loadBundles Completed in 0ms
76 silly audit bulk request {
76 silly audit   '@types/aws4': [ '1.11.6' ],
76 silly audit   '@types/bytes': [ '3.1.4' ],
76 silly audit   '@types/caseless': [ '0.12.5' ],
76 silly audit   '@types/connect': [ '3.4.38' ],
76 silly audit   '@types/content-type': [ '1.1.8' ],
76 silly audit   '@types/cookiejar': [ '2.1.5' ],
76 silly audit   '@types/debug': [ '4.1.12' ],
76 silly audit   '@types/depd': [ '1.1.36' ],
76 silly audit   '@types/express-serve-static-core': [ '4.17.43' ],
76 silly audit   '@types/extend': [ '3.0.4' ],
76 silly audit   '@types/forever-agent': [ '0.6.4' ],
76 silly audit   '@types/http-errors': [ '2.0.4' ],
76 silly audit   '@types/http-signature': [ '1.3.3' ],
76 silly audit   '@types/is-typedarray': [ '1.0.2' ],
76 silly audit   '@types/isstream': [ '0.1.2' ],
76 silly audit   '@types/json-stringify-safe': [ '5.0.3' ],
76 silly audit   '@types/lodash': [ '4.17.0' ],
76 silly audit   '@types/merge-descriptors': [ '1.0.3' ],
76 silly audit   '@types/methods': [ '1.1.4' ],
76 silly audit   '@types/mime': [ '1.3.5' ],
76 silly audit   '@types/mime-types': [ '2.1.4' ],
76 silly audit   '@types/ms': [ '0.7.34' ],
76 silly audit   '@types/node': [ '20.11.27' ],
76 silly audit   '@types/qs': [ '6.9.12' ],
76 silly audit   '@types/range-parser': [ '1.2.7' ],
76 silly audit   '@types/request': [ '2.48.12' ],
76 silly audit   '@types/semver': [ '7.5.8' ],
76 silly audit   '@types/send': [ '0.17.4' ],
76 silly audit   '@types/serve-static': [ '1.15.5' ],
76 silly audit   '@types/superagent': [ '8.1.4' ],
76 silly audit   '@types/tough-cookie': [ '4.0.5' ],
76 silly audit   '@types/type-is': [ '1.6.6' ],
76 silly audit   asynckit: [ '0.4.0' ],
76 silly audit   'combined-stream': [ '1.0.8' ],
76 silly audit   'delayed-stream': [ '1.0.0' ],
76 silly audit   'form-data': [ '2.5.1' ],
76 silly audit   'mime-db': [ '1.52.0' ],
76 silly audit   'mime-types': [ '2.1.35' ],
76 silly audit   'types-registry': [ '0.1.684' ],
76 silly audit   'undici-types': [ '5.26.5' ],
76 silly audit   '@types/body-parser': [ '1.19.5' ],
76 silly audit   '@types/chai': [ '4.3.12' ],
76 silly audit   '@types/express': [ '4.17.21' ],
76 silly audit   '@types/mocha': [ '10.0.6' ],
76 silly audit   '@types/sinon': [ '17.0.3' ],
76 silly audit   '@types/supertest': [ '6.0.2' ],
76 silly audit   '@types/sinonjs__fake-timers': [ '8.1.5' ]
76 silly audit }
77 silly tarball no local data for @types/sinonjs__fake-timers@https://registry.npmjs.org/@types/sinonjs__fake-timers/-/sinonjs__fake-timers-8.1.5.tgz. Extracting by manifest.
78 silly tarball no local data for @types/sinon@https://registry.npmjs.org/@types/sinon/-/sinon-17.0.3.tgz. Extracting by manifest.
79 http fetch GET 200 https://registry.npmjs.org/@types/sinonjs__fake-timers/-/sinonjs__fake-timers-8.1.5.tgz 70ms (cache miss)
80 timing reifyNode:node_modules/@types/sinonjs__fake-timers Completed in 79ms
81 http fetch GET 200 https://registry.npmjs.org/@types/sinon/-/sinon-17.0.3.tgz 72ms (cache miss)
82 timing reifyNode:node_modules/@types/sinon Completed in 82ms
83 timing reify:unpack Completed in 82ms
84 timing reify:unretire Completed in 0ms
85 timing build:queue Completed in 0ms
86 timing build:deps Completed in 0ms
87 timing build Completed in 0ms
88 timing reify:build Completed in 1ms
89 timing reify:trash Completed in 0ms
90 timing reify:save Completed in 28ms
91 http fetch POST 200 https://registry.npmjs.org/-/npm/v1/security/advisories/bulk 125ms
92 timing auditReport:getReport Completed in 128ms
93 silly audit report {}
94 timing auditReport:init Completed in 0ms
95 timing reify:audit Completed in 130ms
96 timing reify Completed in 1160ms
97 silly ADD node_modules/@types/sinonjs__fake-timers
98 silly ADD node_modules/@types/sinon
99 timing command:install Completed in 1165ms
100 verbose exit 0
101 timing npm Completed in 1438ms
102 info ok
