2024-03-13 19:55:32.416 [info] Log level: Info
2024-03-13 19:55:32.416 [info] Validating found git in: "git"
2024-03-13 19:55:32.416 [info] Using git "2.30.2" from "git"
2024-03-13 19:55:32.416 [info] > git rev-parse --show-toplevel [58ms]
2024-03-13 19:55:32.416 [info] fatal: not a git repository (or any parent up to mount point /)
Stopping at filesystem boundary (GIT_DISCOVERY_ACROSS_FILESYSTEM not set).
2024-03-13 19:55:32.417 [info] > git rev-parse --show-toplevel [8ms]
2024-03-13 19:55:32.417 [info] fatal: not a git repository (or any parent up to mount point /)
Stopping at filesystem boundary (GIT_DISCOVERY_ACROSS_FILESYSTEM not set).
2024-03-13 19:55:32.587 [info] > git rev-parse --show-toplevel [162ms]
2024-03-13 19:55:32.587 [info] fatal: not a git repository (or any parent up to mount point /)
Stopping at filesystem boundary (GIT_DISCOVERY_ACROSS_FILESYSTEM not set).
2024-03-13 19:55:32.612 [info] > git rev-parse --show-toplevel [16ms]
2024-03-13 19:55:32.612 [info] fatal: not a git repository (or any parent up to mount point /)
Stopping at filesystem boundary (GIT_DISCOVERY_ACROSS_FILESYSTEM not set).
2024-03-13 19:55:35.477 [info] > git rev-parse --show-toplevel [28ms]
2024-03-13 19:55:35.477 [info] fatal: not a git repository (or any parent up to mount point /)
Stopping at filesystem boundary (GIT_DISCOVERY_ACROSS_FILESYSTEM not set).
2024-03-13 19:55:36.170 [info] > git rev-parse --show-toplevel [675ms]
2024-03-13 19:55:36.170 [info] fatal: not a git repository (or any parent up to mount point /)
Stopping at filesystem boundary (GIT_DISCOVERY_ACROSS_FILESYSTEM not set).
