2024-03-13 16:00:01.811 [info] Log level: Info
2024-03-13 16:00:01.811 [info] Validating found git in: "git"
2024-03-13 16:00:01.811 [info] Using git "2.30.2" from "git"
2024-03-13 16:00:01.811 [info] > git rev-parse --show-toplevel [6ms]
2024-03-13 16:00:01.811 [info] fatal: not a git repository (or any parent up to mount point /)
Stopping at filesystem boundary (GIT_DISCOVERY_ACROSS_FILESYSTEM not set).
2024-03-13 16:00:01.811 [info] > git rev-parse --show-toplevel [4ms]
2024-03-13 16:00:01.811 [info] fatal: not a git repository (or any parent up to mount point /)
Stopping at filesystem boundary (GIT_DISCOVERY_ACROSS_FILESYSTEM not set).
2024-03-13 16:00:03.906 [info] > git rev-parse --show-toplevel [2083ms]
2024-03-13 16:00:03.906 [info] fatal: not a git repository (or any parent up to mount point /)
Stopping at filesystem boundary (GIT_DISCOVERY_ACROSS_FILESYSTEM not set).
2024-03-13 16:00:04.056 [info] > git rev-parse --show-toplevel [108ms]
2024-03-13 16:00:04.056 [info] fatal: not a git repository (or any parent up to mount point /)
Stopping at filesystem boundary (GIT_DISCOVERY_ACROSS_FILESYSTEM not set).
2024-03-13 16:00:04.075 [info] > git rev-parse --show-toplevel [3ms]
2024-03-13 16:00:04.075 [info] fatal: not a git repository (or any parent up to mount point /)
Stopping at filesystem boundary (GIT_DISCOVERY_ACROSS_FILESYSTEM not set).
2024-03-13 16:00:04.104 [info] > git rev-parse --show-toplevel [14ms]
2024-03-13 16:00:04.104 [info] fatal: not a git repository (or any parent up to mount point /)
Stopping at filesystem boundary (GIT_DISCOVERY_ACROSS_FILESYSTEM not set).
2024-03-13 16:00:04.808 [info] > git rev-parse --show-toplevel [120ms]
2024-03-13 16:00:04.808 [info] fatal: not a git repository (or any parent up to mount point /)
Stopping at filesystem boundary (GIT_DISCOVERY_ACROSS_FILESYSTEM not set).
2024-03-13 16:00:05.673 [info] > git rev-parse --show-toplevel [7ms]
2024-03-13 16:00:05.673 [info] fatal: not a git repository (or any parent up to mount point /)
Stopping at filesystem boundary (GIT_DISCOVERY_ACROSS_FILESYSTEM not set).
