2024-03-13 19:56:20.943 [info] Log level: Info
2024-03-13 19:56:20.943 [info] Validating found git in: "git"
2024-03-13 19:56:20.943 [info] Using git "2.30.2" from "git"
2024-03-13 19:56:20.943 [info] > git rev-parse --show-toplevel [2ms]
2024-03-13 19:56:20.943 [info] fatal: not a git repository (or any parent up to mount point /)
Stopping at filesystem boundary (GIT_DISCOVERY_ACROSS_FILESYSTEM not set).
2024-03-13 19:56:20.943 [info] > git rev-parse --show-toplevel [10ms]
2024-03-13 19:56:20.943 [info] fatal: not a git repository (or any parent up to mount point /)
Stopping at filesystem boundary (GIT_DISCOVERY_ACROSS_FILESYSTEM not set).
2024-03-13 19:56:20.943 [info] > git rev-parse --show-toplevel [3ms]
2024-03-13 19:56:20.943 [info] fatal: not a git repository (or any parent up to mount point /)
Stopping at filesystem boundary (GIT_DISCOVERY_ACROSS_FILESYSTEM not set).
2024-03-13 19:56:20.949 [info] > git rev-parse --show-toplevel [2ms]
2024-03-13 19:56:20.949 [info] fatal: not a git repository (or any parent up to mount point /)
Stopping at filesystem boundary (GIT_DISCOVERY_ACROSS_FILESYSTEM not set).
2024-03-13 19:56:22.550 [info] > git rev-parse --show-toplevel [100ms]
2024-03-13 19:56:22.550 [info] fatal: not a git repository (or any parent up to mount point /)
Stopping at filesystem boundary (GIT_DISCOVERY_ACROSS_FILESYSTEM not set).
2024-03-13 19:56:22.889 [info] > git rev-parse --show-toplevel [294ms]
2024-03-13 19:56:22.889 [info] fatal: not a git repository (or any parent up to mount point /)
Stopping at filesystem boundary (GIT_DISCOVERY_ACROSS_FILESYSTEM not set).
