2024-03-13 19:53:05.584 [info] Log level: Info
2024-03-13 19:53:05.584 [info] Validating found git in: "git"
2024-03-13 19:53:05.584 [info] Using git "2.30.2" from "git"
2024-03-13 19:53:05.584 [info] > git rev-parse --show-toplevel [5ms]
2024-03-13 19:53:05.584 [info] fatal: not a git repository (or any parent up to mount point /)
Stopping at filesystem boundary (GIT_DISCOVERY_ACROSS_FILESYSTEM not set).
2024-03-13 19:53:05.585 [info] > git rev-parse --show-toplevel [16ms]
2024-03-13 19:53:05.585 [info] fatal: not a git repository (or any parent up to mount point /)
Stopping at filesystem boundary (GIT_DISCOVERY_ACROSS_FILESYSTEM not set).
2024-03-13 19:53:05.594 [info] > git rev-parse --show-toplevel [2ms]
2024-03-13 19:53:05.594 [info] fatal: not a git repository (or any parent up to mount point /)
Stopping at filesystem boundary (GIT_DISCOVERY_ACROSS_FILESYSTEM not set).
2024-03-13 19:53:05.929 [info] > git rev-parse --show-toplevel [107ms]
2024-03-13 19:53:05.929 [info] fatal: not a git repository (or any parent up to mount point /)
Stopping at filesystem boundary (GIT_DISCOVERY_ACROSS_FILESYSTEM not set).
2024-03-13 19:53:23.547 [info] > git rev-parse --show-toplevel [3ms]
2024-03-13 19:53:23.547 [info] fatal: not a git repository (or any parent up to mount point /)
Stopping at filesystem boundary (GIT_DISCOVERY_ACROSS_FILESYSTEM not set).
2024-03-13 19:53:23.944 [info] > git rev-parse --show-toplevel [2ms]
2024-03-13 19:53:23.944 [info] fatal: not a git repository (or any parent up to mount point /)
Stopping at filesystem boundary (GIT_DISCOVERY_ACROSS_FILESYSTEM not set).
2024-03-13 19:53:30.239 [info] > git rev-parse --show-toplevel [1ms]
2024-03-13 19:53:30.239 [info] fatal: not a git repository (or any parent up to mount point /)
Stopping at filesystem boundary (GIT_DISCOVERY_ACROSS_FILESYSTEM not set).
2024-03-13 19:53:34.867 [info] > git rev-parse --show-toplevel [1ms]
2024-03-13 19:53:34.867 [info] fatal: not a git repository (or any parent up to mount point /)
Stopping at filesystem boundary (GIT_DISCOVERY_ACROSS_FILESYSTEM not set).
2024-03-13 19:53:38.432 [info] > git rev-parse --show-toplevel [2ms]
2024-03-13 19:53:38.432 [info] fatal: not a git repository (or any parent up to mount point /)
Stopping at filesystem boundary (GIT_DISCOVERY_ACROSS_FILESYSTEM not set).
