2024-03-13 19:58:18.515 [info] Log level: Info
2024-03-13 19:58:18.516 [info] Validating found git in: "git"
2024-03-13 19:58:18.516 [info] Using git "2.30.2" from "git"
2024-03-13 19:58:18.516 [info] > git rev-parse --show-toplevel [102ms]
2024-03-13 19:58:18.516 [info] fatal: not a git repository (or any parent up to mount point /)
Stopping at filesystem boundary (GIT_DISCOVERY_ACROSS_FILESYSTEM not set).
2024-03-13 19:58:18.516 [info] > git rev-parse --show-toplevel [5ms]
2024-03-13 19:58:18.516 [info] fatal: not a git repository (or any parent up to mount point /)
Stopping at filesystem boundary (GIT_DISCOVERY_ACROSS_FILESYSTEM not set).
2024-03-13 19:58:19.850 [info] > git rev-parse --show-toplevel [1327ms]
2024-03-13 19:58:19.850 [info] fatal: not a git repository (or any parent up to mount point /)
Stopping at filesystem boundary (GIT_DISCOVERY_ACROSS_FILESYSTEM not set).
2024-03-13 19:58:19.881 [info] > git rev-parse --show-toplevel [3ms]
2024-03-13 19:58:19.881 [info] fatal: not a git repository (or any parent up to mount point /)
Stopping at filesystem boundary (GIT_DISCOVERY_ACROSS_FILESYSTEM not set).
2024-03-13 19:58:19.950 [info] > git rev-parse --show-toplevel [54ms]
2024-03-13 19:58:19.950 [info] fatal: not a git repository (or any parent up to mount point /)
Stopping at filesystem boundary (GIT_DISCOVERY_ACROSS_FILESYSTEM not set).
2024-03-13 19:58:19.984 [info] > git rev-parse --show-toplevel [2ms]
2024-03-13 19:58:19.984 [info] fatal: not a git repository (or any parent up to mount point /)
Stopping at filesystem boundary (GIT_DISCOVERY_ACROSS_FILESYSTEM not set).
