2024-03-13 16:10:13.480 [info] Log level: Info
2024-03-13 16:10:13.480 [info] Validating found git in: "git"
2024-03-13 16:10:13.480 [info] Using git "2.30.2" from "git"
2024-03-13 16:10:13.480 [info] > git rev-parse --show-toplevel [165ms]
2024-03-13 16:10:13.480 [info] fatal: not a git repository (or any parent up to mount point /)
Stopping at filesystem boundary (GIT_DISCOVERY_ACROSS_FILESYSTEM not set).
2024-03-13 16:10:13.480 [info] > git rev-parse --show-toplevel [33ms]
2024-03-13 16:10:13.480 [info] fatal: not a git repository (or any parent up to mount point /)
Stopping at filesystem boundary (GIT_DISCOVERY_ACROSS_FILESYSTEM not set).
2024-03-13 16:10:13.480 [info] > git rev-parse --show-toplevel [6ms]
2024-03-13 16:10:13.480 [info] fatal: not a git repository (or any parent up to mount point /)
Stopping at filesystem boundary (GIT_DISCOVERY_ACROSS_FILESYSTEM not set).
2024-03-13 16:10:13.511 [info] > git rev-parse --show-toplevel [21ms]
2024-03-13 16:10:13.512 [info] fatal: not a git repository (or any parent up to mount point /)
Stopping at filesystem boundary (GIT_DISCOVERY_ACROSS_FILESYSTEM not set).
2024-03-13 16:10:29.846 [info] > git rev-parse --show-toplevel [77ms]
2024-03-13 16:10:29.846 [info] fatal: not a git repository (or any parent up to mount point /)
Stopping at filesystem boundary (GIT_DISCOVERY_ACROSS_FILESYSTEM not set).
2024-03-13 16:11:44.523 [info] > git rev-parse --show-toplevel [14ms]
2024-03-13 16:11:44.523 [info] fatal: not a git repository (or any parent up to mount point /)
Stopping at filesystem boundary (GIT_DISCOVERY_ACROSS_FILESYSTEM not set).
2024-03-13 16:14:02.421 [info] > git rev-parse --show-toplevel [96ms]
2024-03-13 16:14:02.421 [info] fatal: not a git repository (or any parent up to mount point /)
Stopping at filesystem boundary (GIT_DISCOVERY_ACROSS_FILESYSTEM not set).
2024-03-13 16:14:06.920 [info] > git rev-parse --show-toplevel [10ms]
2024-03-13 16:14:06.920 [info] fatal: not a git repository (or any parent up to mount point /)
Stopping at filesystem boundary (GIT_DISCOVERY_ACROSS_FILESYSTEM not set).
